<?xml version="1.0" encoding="utf-8"?><testsuites name="pytest tests"><testsuite name="pytest" errors="0" failures="0" skipped="0" tests="5" time="11.241" timestamp="2026-07-05T20:22:02.129553+00:00" hostname="agent-env-812736ac-4db4-44f5-b14a-8c79348f5c8e"><testcase classname="tests.backend_test" name="test_root" time="0.261" /><testcase classname="tests.backend_test" name="test_create_and_list_booking" time="0.275" /><testcase classname="tests.backend_test" name="test_newsletter_idempotent" time="0.238" /><testcase classname="tests.backend_test" name="test_callback_create" time="0.123" /><testcase classname="tests.backend_test" name="test_chat_sse_stream" time="9.689" /></testsuite></testsuites>